<?xml version="1.0" encoding="UTF-8"?>
<!-- Generated by org.testng.reporters.JUnitXMLReporter -->
<testsuite hostname="PDCDT01GY4ZVQ1" ignored="2" name="Test" tests="8" failures="3" timestamp="2020-03-05T14:47:28 GMT" time="47.074" errors="0">
  <testcase name="Step_1" time="9.131" classname="com.Amazon.TC3o5o1"/>
  <testcase name="Step_2" time="0.008" classname="com.Amazon.TC3o5o1"/>
  <testcase name="Step_3" time="2.587" classname="com.Amazon.TC3o5o1">
    <failure type="org.openqa.selenium.NoAlertPresentException" message="no such alert
  (Session info: chrome=80.0.3987.132)
Build info: version: &amp;apos;3.141.59&amp;apos;, revision: &amp;apos;e82be7d358&amp;apos;, time: &amp;apos;2018-11-14T08:25:48&amp;apos;
System info: host: &amp;apos;PDCDT01GY4ZVQ1&amp;apos;, ip: &amp;apos;192.168.2.2&amp;apos;, os.name: &amp;apos;Windows 10&amp;apos;, os.arch: &amp;apos;amd64&amp;apos;, os.version: &amp;apos;10.0&amp;apos;, java.version: &amp;apos;1.8.0_241&amp;apos;
Driver info: org.openqa.selenium.chrome.ChromeDriver
Capabilities {acceptInsecureCerts: false, browserName: chrome, browserVersion: 80.0.3987.132, chrome: {chromedriverVersion: 80.0.3987.106 (f68069574609..., userDataDir: C:\Users\P10444~1\AppData\L...}, goog:chromeOptions: {debuggerAddress: localhost:53294}, javascriptEnabled: true, networkConnectionEnabled: false, pageLoadStrategy: normal, platform: WINDOWS, platformName: WINDOWS, proxy: Proxy(), setWindowRect: true, strictFileInteractability: false, timeouts: {implicit: 0, pageLoad: 300000, script: 30000}, unhandledPromptBehavior: dismiss and notify}
Session ID: 47a280491966e44d7fb25ebfe6078339">
      <![CDATA[org.openqa.selenium.NoAlertPresentException: no such alert
  (Session info: chrome=80.0.3987.132)
Build info: version: '3.141.59', revision: 'e82be7d358', time: '2018-11-14T08:25:48'
System info: host: 'PDCDT01GY4ZVQ1', ip: '192.168.2.2', os.name: 'Windows 10', os.arch: 'amd64', os.version: '10.0', java.version: '1.8.0_241'
Driver info: org.openqa.selenium.chrome.ChromeDriver
Capabilities {acceptInsecureCerts: false, browserName: chrome, browserVersion: 80.0.3987.132, chrome: {chromedriverVersion: 80.0.3987.106 (f68069574609..., userDataDir: C:\Users\P10444~1\AppData\L...}, goog:chromeOptions: {debuggerAddress: localhost:53294}, javascriptEnabled: true, networkConnectionEnabled: false, pageLoadStrategy: normal, platform: WINDOWS, platformName: WINDOWS, proxy: Proxy(), setWindowRect: true, strictFileInteractability: false, timeouts: {implicit: 0, pageLoad: 300000, script: 30000}, unhandledPromptBehavior: dismiss and notify}
Session ID: 47a280491966e44d7fb25ebfe6078339
at org.openqa.selenium.remote.http.W3CHttpResponseCodec.createException(W3CHttpResponseCodec.java:187)
at org.openqa.selenium.remote.http.W3CHttpResponseCodec.decode(W3CHttpResponseCodec.java:122)
at org.openqa.selenium.remote.http.W3CHttpResponseCodec.decode(W3CHttpResponseCodec.java:49)
at org.openqa.selenium.remote.HttpCommandExecutor.execute(HttpCommandExecutor.java:158)
at org.openqa.selenium.remote.service.DriverCommandExecutor.execute(DriverCommandExecutor.java:83)
at org.openqa.selenium.remote.RemoteWebDriver.execute(RemoteWebDriver.java:552)
at org.openqa.selenium.remote.RemoteWebDriver.execute(RemoteWebDriver.java:609)
at org.openqa.selenium.remote.RemoteWebDriver$RemoteTargetLocator.alert(RemoteWebDriver.java:932)
at com.Amazon.TC3o5o1.Step_3(TC3o5o1.java:46)
at java.util.ArrayList.forEach(Unknown Source)
... Removed 31 stack frames]]>
    </failure>
  </testcase> <!-- Step_3 -->
  <testcase name="Step_4" time="0.017" classname="com.Amazon.TC3o5o1">
    <failure type="java.lang.AssertionError" message="expected [Orange] but found [Apple]">
      <![CDATA[java.lang.AssertionError: expected [Orange] but found [Apple]
at com.Amazon.TC3o5o1.Step_4(TC3o5o1.java:63)
at java.util.ArrayList.forEach(Unknown Source)
... Removed 32 stack frames]]>
    </failure>
  </testcase> <!-- Step_4 -->
  <testcase name="Step_5" time="0.001" classname="com.Amazon.TC3o5o1">
    <failure type="java.lang.AssertionError" message="expected [Banana] but found [Mango]">
      <![CDATA[java.lang.AssertionError: expected [Banana] but found [Mango]
at com.Amazon.TC3o5o1.Step_5(TC3o5o1.java:70)
at java.util.ArrayList.forEach(Unknown Source)
... Removed 32 stack frames]]>
    </failure>
  </testcase> <!-- Step_5 -->
  <testcase name="Step_1" time="4.084" classname="com.Amazon.TC3o4o14"/>
  <testcase name="Step_2" time="15.095" classname="com.Amazon.TC3o4o14"/>
  <testcase name="Step_3" time="3.952" classname="com.Amazon.TC3o4o14"/>
  <testcase name="@BeforeSuite initialioseBrowser" time="0.0" classname="com.Amazon.BrowserFunction">
    <ignored/>
  </testcase> <!-- @BeforeSuite initialioseBrowser -->
  <testcase name="@AfterSuite closeBrowser" time="0.0" classname="com.Amazon.BrowserFunction">
    <ignored/>
  </testcase> <!-- @AfterSuite closeBrowser -->
</testsuite> <!-- Test -->
