<?xml version="1.0" encoding="UTF-8"?>
<testng-results skipped="0" failed="3" ignored="2" total="10" passed="5">
  <reporter-output>
  </reporter-output>
  <suite name="Suite" duration-ms="122179" started-at="2020-03-12T07:23:17 GMT" finished-at="2020-03-12T07:25:19 GMT">
    <groups>
    </groups>
    <test name="Test" duration-ms="122179" started-at="2020-03-12T07:23:17 GMT" finished-at="2020-03-12T07:25:19 GMT">
      <class name="com.Tests.TC3o5o1">
        <test-method status="PASS" signature="initialioseBrowser()[pri:0, instance:com.Tests.TC3o5o1@6f195bc3]" name="initialioseBrowser" is-config="true" duration-ms="7456" started-at="2020-03-12T07:23:10 GMT" finished-at="2020-03-12T07:23:17 GMT">
          <reporter-output>
          </reporter-output>
        </test-method> <!-- initialioseBrowser -->
        <test-method status="PASS" signature="beforeclass()[pri:0, instance:com.Tests.TC3o5o1@6f195bc3]" name="beforeclass" is-config="true" duration-ms="28" started-at="2020-03-12T07:23:17 GMT" finished-at="2020-03-12T07:23:17 GMT">
          <reporter-output>
          </reporter-output>
        </test-method> <!-- beforeclass -->
        <test-method status="PASS" signature="Step_1()[pri:0, instance:com.Tests.TC3o5o1@6f195bc3]" name="Step_1" duration-ms="11571" started-at="2020-03-12T07:23:17 GMT" finished-at="2020-03-12T07:23:29 GMT">
          <reporter-output>
          </reporter-output>
        </test-method> <!-- Step_1 -->
        <test-method status="PASS" signature="getResult(org.testng.ITestResult)[pri:0, instance:com.Tests.TC3o5o1@6f195bc3]" name="getResult" is-config="true" duration-ms="24621" started-at="2020-03-12T07:23:29 GMT" finished-at="2020-03-12T07:23:53 GMT">
          <params>
            <param index="0">
              <value>
                <![CDATA[[TestResult name=Step_1 status=SUCCESS method=TC3o5o1.Step_1()[pri:0, instance:com.Tests.TC3o5o1@6f195bc3] output={null}]]]>
              </value>
            </param>
          </params>
          <reporter-output>
          </reporter-output>
        </test-method> <!-- getResult -->
        <test-method status="PASS" signature="Step_2()[pri:0, instance:com.Tests.TC3o5o1@6f195bc3]" name="Step_2" duration-ms="2" started-at="2020-03-12T07:23:53 GMT" finished-at="2020-03-12T07:23:53 GMT">
          <reporter-output>
          </reporter-output>
        </test-method> <!-- Step_2 -->
        <test-method status="PASS" signature="getResult(org.testng.ITestResult)[pri:0, instance:com.Tests.TC3o5o1@6f195bc3]" name="getResult" is-config="true" duration-ms="7913" started-at="2020-03-12T07:23:53 GMT" finished-at="2020-03-12T07:24:01 GMT">
          <params>
            <param index="0">
              <value>
                <![CDATA[[TestResult name=Step_2 status=SUCCESS method=TC3o5o1.Step_2()[pri:0, instance:com.Tests.TC3o5o1@6f195bc3] output={null}]]]>
              </value>
            </param>
          </params>
          <reporter-output>
          </reporter-output>
        </test-method> <!-- getResult -->
        <test-method status="PASS" signature="Step_3()[pri:0, instance:com.Tests.TC3o5o1@6f195bc3]" name="Step_3" duration-ms="7863" started-at="2020-03-12T07:24:01 GMT" finished-at="2020-03-12T07:24:09 GMT">
          <reporter-output>
          </reporter-output>
        </test-method> <!-- Step_3 -->
        <test-method status="PASS" signature="getResult(org.testng.ITestResult)[pri:0, instance:com.Tests.TC3o5o1@6f195bc3]" name="getResult" is-config="true" duration-ms="7054" started-at="2020-03-12T07:24:09 GMT" finished-at="2020-03-12T07:24:16 GMT">
          <params>
            <param index="0">
              <value>
                <![CDATA[[TestResult name=Step_3 status=SUCCESS method=TC3o5o1.Step_3()[pri:0, instance:com.Tests.TC3o5o1@6f195bc3] output={null}]]]>
              </value>
            </param>
          </params>
          <reporter-output>
          </reporter-output>
        </test-method> <!-- getResult -->
        <test-method status="FAIL" signature="Step_4()[pri:0, instance:com.Tests.TC3o5o1@6f195bc3]" name="Step_4" duration-ms="6" started-at="2020-03-12T07:24:16 GMT" finished-at="2020-03-12T07:24:16 GMT">
          <exception class="java.lang.AssertionError">
            <message>
              <![CDATA[expected [Orange] but found [Apple]]]>
            </message>
            <full-stacktrace>
              <![CDATA[java.lang.AssertionError: expected [Orange] but found [Apple]
at org.testng.Assert.fail(Assert.java:97)
at org.testng.Assert.assertEqualsImpl(Assert.java:136)
at org.testng.Assert.assertEquals(Assert.java:118)
at org.testng.Assert.assertEquals(Assert.java:575)
at org.testng.Assert.assertEquals(Assert.java:585)
at com.Tests.TC3o5o1.Step_4(TC3o5o1.java:65)
at sun.reflect.NativeMethodAccessorImpl.invoke0(Native Method)
at sun.reflect.NativeMethodAccessorImpl.invoke(Unknown Source)
at sun.reflect.DelegatingMethodAccessorImpl.invoke(Unknown Source)
at java.lang.reflect.Method.invoke(Unknown Source)
at org.testng.internal.MethodInvocationHelper.invokeMethod(MethodInvocationHelper.java:133)
at org.testng.internal.TestInvoker.invokeMethod(TestInvoker.java:584)
at org.testng.internal.TestInvoker.invokeTestMethod(TestInvoker.java:172)
at org.testng.internal.MethodRunner.runInSequence(MethodRunner.java:46)
at org.testng.internal.TestInvoker$MethodInvocationAgent.invoke(TestInvoker.java:804)
at org.testng.internal.TestInvoker.invokeTestMethods(TestInvoker.java:145)
at org.testng.internal.TestMethodWorker.invokeTestMethods(TestMethodWorker.java:146)
at org.testng.internal.TestMethodWorker.run(TestMethodWorker.java:128)
at java.util.ArrayList.forEach(Unknown Source)
at org.testng.TestRunner.privateRun(TestRunner.java:770)
at org.testng.TestRunner.run(TestRunner.java:591)
at org.testng.SuiteRunner.runTest(SuiteRunner.java:402)
at org.testng.SuiteRunner.runSequentially(SuiteRunner.java:396)
at org.testng.SuiteRunner.privateRun(SuiteRunner.java:355)
at org.testng.SuiteRunner.run(SuiteRunner.java:304)
at org.testng.SuiteRunnerWorker.runSuite(SuiteRunnerWorker.java:53)
at org.testng.SuiteRunnerWorker.run(SuiteRunnerWorker.java:96)
at org.testng.TestNG.runSuitesSequentially(TestNG.java:1180)
at org.testng.TestNG.runSuitesLocally(TestNG.java:1102)
at org.testng.TestNG.runSuites(TestNG.java:1032)
at org.testng.TestNG.run(TestNG.java:1000)
at org.testng.remote.AbstractRemoteTestNG.run(AbstractRemoteTestNG.java:115)
at org.testng.remote.RemoteTestNG.initAndRun(RemoteTestNG.java:251)
at org.testng.remote.RemoteTestNG.main(RemoteTestNG.java:77)
]]>
            </full-stacktrace>
          </exception> <!-- java.lang.AssertionError -->
          <reporter-output>
          </reporter-output>
        </test-method> <!-- Step_4 -->
        <test-method status="PASS" signature="getResult(org.testng.ITestResult)[pri:0, instance:com.Tests.TC3o5o1@6f195bc3]" name="getResult" is-config="true" duration-ms="7006" started-at="2020-03-12T07:24:16 GMT" finished-at="2020-03-12T07:24:23 GMT">
          <params>
            <param index="0">
              <value>
                <![CDATA[[TestResult name=Step_4 status=FAILURE method=TC3o5o1.Step_4()[pri:0, instance:com.Tests.TC3o5o1@6f195bc3] output={null}]]]>
              </value>
            </param>
          </params>
          <reporter-output>
          </reporter-output>
        </test-method> <!-- getResult -->
        <test-method status="FAIL" signature="Step_5()[pri:0, instance:com.Tests.TC3o5o1@6f195bc3]" name="Step_5" duration-ms="2" started-at="2020-03-12T07:24:23 GMT" finished-at="2020-03-12T07:24:23 GMT">
          <exception class="java.lang.AssertionError">
            <message>
              <![CDATA[expected [Banana] but found [Mango]]]>
            </message>
            <full-stacktrace>
              <![CDATA[java.lang.AssertionError: expected [Banana] but found [Mango]
at org.testng.Assert.fail(Assert.java:97)
at org.testng.Assert.assertEqualsImpl(Assert.java:136)
at org.testng.Assert.assertEquals(Assert.java:118)
at org.testng.Assert.assertEquals(Assert.java:575)
at org.testng.Assert.assertEquals(Assert.java:585)
at com.Tests.TC3o5o1.Step_5(TC3o5o1.java:72)
at sun.reflect.NativeMethodAccessorImpl.invoke0(Native Method)
at sun.reflect.NativeMethodAccessorImpl.invoke(Unknown Source)
at sun.reflect.DelegatingMethodAccessorImpl.invoke(Unknown Source)
at java.lang.reflect.Method.invoke(Unknown Source)
at org.testng.internal.MethodInvocationHelper.invokeMethod(MethodInvocationHelper.java:133)
at org.testng.internal.TestInvoker.invokeMethod(TestInvoker.java:584)
at org.testng.internal.TestInvoker.invokeTestMethod(TestInvoker.java:172)
at org.testng.internal.MethodRunner.runInSequence(MethodRunner.java:46)
at org.testng.internal.TestInvoker$MethodInvocationAgent.invoke(TestInvoker.java:804)
at org.testng.internal.TestInvoker.invokeTestMethods(TestInvoker.java:145)
at org.testng.internal.TestMethodWorker.invokeTestMethods(TestMethodWorker.java:146)
at org.testng.internal.TestMethodWorker.run(TestMethodWorker.java:128)
at java.util.ArrayList.forEach(Unknown Source)
at org.testng.TestRunner.privateRun(TestRunner.java:770)
at org.testng.TestRunner.run(TestRunner.java:591)
at org.testng.SuiteRunner.runTest(SuiteRunner.java:402)
at org.testng.SuiteRunner.runSequentially(SuiteRunner.java:396)
at org.testng.SuiteRunner.privateRun(SuiteRunner.java:355)
at org.testng.SuiteRunner.run(SuiteRunner.java:304)
at org.testng.SuiteRunnerWorker.runSuite(SuiteRunnerWorker.java:53)
at org.testng.SuiteRunnerWorker.run(SuiteRunnerWorker.java:96)
at org.testng.TestNG.runSuitesSequentially(TestNG.java:1180)
at org.testng.TestNG.runSuitesLocally(TestNG.java:1102)
at org.testng.TestNG.runSuites(TestNG.java:1032)
at org.testng.TestNG.run(TestNG.java:1000)
at org.testng.remote.AbstractRemoteTestNG.run(AbstractRemoteTestNG.java:115)
at org.testng.remote.RemoteTestNG.initAndRun(RemoteTestNG.java:251)
at org.testng.remote.RemoteTestNG.main(RemoteTestNG.java:77)
]]>
            </full-stacktrace>
          </exception> <!-- java.lang.AssertionError -->
          <reporter-output>
          </reporter-output>
        </test-method> <!-- Step_5 -->
        <test-method status="PASS" signature="getResult(org.testng.ITestResult)[pri:0, instance:com.Tests.TC3o5o1@6f195bc3]" name="getResult" is-config="true" duration-ms="6632" started-at="2020-03-12T07:24:23 GMT" finished-at="2020-03-12T07:24:30 GMT">
          <params>
            <param index="0">
              <value>
                <![CDATA[[TestResult name=Step_5 status=FAILURE method=TC3o5o1.Step_5()[pri:0, instance:com.Tests.TC3o5o1@6f195bc3] output={null}]]]>
              </value>
            </param>
          </params>
          <reporter-output>
          </reporter-output>
        </test-method> <!-- getResult -->
        <test-method status="PASS" signature="afterClass()[pri:0, instance:com.Tests.TC3o5o1@6f195bc3]" name="afterClass" is-config="true" duration-ms="757" started-at="2020-03-12T07:24:30 GMT" finished-at="2020-03-12T07:24:31 GMT">
          <reporter-output>
          </reporter-output>
        </test-method> <!-- afterClass -->
        <test-method status="PASS" signature="closeBrowser()[pri:0, instance:com.Tests.TC3o5o1@6f195bc3]" name="closeBrowser" is-config="true" duration-ms="3884" started-at="2020-03-12T07:25:19 GMT" finished-at="2020-03-12T07:25:23 GMT">
          <reporter-output>
          </reporter-output>
        </test-method> <!-- closeBrowser -->
      </class> <!-- com.Tests.TC3o5o1 -->
      <class name="com.Tests.TC3o4o14">
        <test-method status="PASS" signature="beforeclass()[pri:0, instance:com.Tests.TC3o4o14@51e2adc7]" name="beforeclass" is-config="true" duration-ms="3" started-at="2020-03-12T07:24:31 GMT" finished-at="2020-03-12T07:24:31 GMT">
          <reporter-output>
          </reporter-output>
        </test-method> <!-- beforeclass -->
        <test-method status="PASS" signature="Step_1()[pri:0, instance:com.Tests.TC3o4o14@51e2adc7]" name="Step_1" duration-ms="5463" started-at="2020-03-12T07:24:31 GMT" finished-at="2020-03-12T07:24:36 GMT">
          <reporter-output>
          </reporter-output>
        </test-method> <!-- Step_1 -->
        <test-method status="PASS" signature="getResult(org.testng.ITestResult)[pri:0, instance:com.Tests.TC3o4o14@51e2adc7]" name="getResult" is-config="true" duration-ms="9773" started-at="2020-03-12T07:24:36 GMT" finished-at="2020-03-12T07:24:46 GMT">
          <params>
            <param index="0">
              <value>
                <![CDATA[[TestResult name=Step_1 status=SUCCESS method=TC3o4o14.Step_1()[pri:0, instance:com.Tests.TC3o4o14@51e2adc7] output={null}]]]>
              </value>
            </param>
          </params>
          <reporter-output>
          </reporter-output>
        </test-method> <!-- getResult -->
        <test-method status="PASS" signature="Step_2()[pri:0, instance:com.Tests.TC3o4o14@51e2adc7]" name="Step_2" duration-ms="14566" started-at="2020-03-12T07:24:46 GMT" finished-at="2020-03-12T07:25:00 GMT">
          <reporter-output>
          </reporter-output>
        </test-method> <!-- Step_2 -->
        <test-method status="PASS" signature="getResult(org.testng.ITestResult)[pri:0, instance:com.Tests.TC3o4o14@51e2adc7]" name="getResult" is-config="true" duration-ms="7386" started-at="2020-03-12T07:25:00 GMT" finished-at="2020-03-12T07:25:08 GMT">
          <params>
            <param index="0">
              <value>
                <![CDATA[[TestResult name=Step_2 status=SUCCESS method=TC3o4o14.Step_2()[pri:0, instance:com.Tests.TC3o4o14@51e2adc7] output={null}]]]>
              </value>
            </param>
          </params>
          <reporter-output>
          </reporter-output>
        </test-method> <!-- getResult -->
        <test-method status="FAIL" signature="Step_3()[pri:0, instance:com.Tests.TC3o4o14@51e2adc7]" name="Step_3" duration-ms="4192" started-at="2020-03-12T07:25:08 GMT" finished-at="2020-03-12T07:25:12 GMT">
          <exception class="org.openqa.selenium.ElementClickInterceptedException">
            <message>
              <![CDATA[element click intercepted: Element is not clickable at point (591, -1779)
  (Session info: chrome=80.0.3987.132)
Build info: version: '3.141.59', revision: 'e82be7d358', time: '2018-11-14T08:25:48'
System info: host: 'PDCDT01GY4ZVQ1', ip: '192.168.2.5', os.name: 'Windows 10', os.arch: 'amd64', os.version: '10.0', java.version: '1.8.0_241'
Driver info: org.openqa.selenium.chrome.ChromeDriver
Capabilities {acceptInsecureCerts: false, browserName: chrome, browserVersion: 80.0.3987.132, chrome: {chromedriverVersion: 80.0.3987.106 (f68069574609..., userDataDir: C:\Users\P10444~1\AppData\L...}, goog:chromeOptions: {debuggerAddress: localhost:63626}, javascriptEnabled: true, networkConnectionEnabled: false, pageLoadStrategy: normal, platform: WINDOWS, platformName: WINDOWS, proxy: Proxy(), setWindowRect: true, strictFileInteractability: false, timeouts: {implicit: 0, pageLoad: 300000, script: 30000}, unhandledPromptBehavior: dismiss and notify}
Session ID: 007616ffacd22f7fc0f7df6231ec66a9]]>
            </message>
            <full-stacktrace>
              <![CDATA[org.openqa.selenium.ElementClickInterceptedException: element click intercepted: Element is not clickable at point (591, -1779)
  (Session info: chrome=80.0.3987.132)
Build info: version: '3.141.59', revision: 'e82be7d358', time: '2018-11-14T08:25:48'
System info: host: 'PDCDT01GY4ZVQ1', ip: '192.168.2.5', os.name: 'Windows 10', os.arch: 'amd64', os.version: '10.0', java.version: '1.8.0_241'
Driver info: org.openqa.selenium.chrome.ChromeDriver
Capabilities {acceptInsecureCerts: false, browserName: chrome, browserVersion: 80.0.3987.132, chrome: {chromedriverVersion: 80.0.3987.106 (f68069574609..., userDataDir: C:\Users\P10444~1\AppData\L...}, goog:chromeOptions: {debuggerAddress: localhost:63626}, javascriptEnabled: true, networkConnectionEnabled: false, pageLoadStrategy: normal, platform: WINDOWS, platformName: WINDOWS, proxy: Proxy(), setWindowRect: true, strictFileInteractability: false, timeouts: {implicit: 0, pageLoad: 300000, script: 30000}, unhandledPromptBehavior: dismiss and notify}
Session ID: 007616ffacd22f7fc0f7df6231ec66a9
at sun.reflect.NativeConstructorAccessorImpl.newInstance0(Native Method)
at sun.reflect.NativeConstructorAccessorImpl.newInstance(Unknown Source)
at sun.reflect.DelegatingConstructorAccessorImpl.newInstance(Unknown Source)
at java.lang.reflect.Constructor.newInstance(Unknown Source)
at org.openqa.selenium.remote.http.W3CHttpResponseCodec.createException(W3CHttpResponseCodec.java:187)
at org.openqa.selenium.remote.http.W3CHttpResponseCodec.decode(W3CHttpResponseCodec.java:122)
at org.openqa.selenium.remote.http.W3CHttpResponseCodec.decode(W3CHttpResponseCodec.java:49)
at org.openqa.selenium.remote.HttpCommandExecutor.execute(HttpCommandExecutor.java:158)
at org.openqa.selenium.remote.service.DriverCommandExecutor.execute(DriverCommandExecutor.java:83)
at org.openqa.selenium.remote.RemoteWebDriver.execute(RemoteWebDriver.java:552)
at org.openqa.selenium.remote.RemoteWebElement.execute(RemoteWebElement.java:285)
at org.openqa.selenium.remote.RemoteWebElement.click(RemoteWebElement.java:84)
at sun.reflect.NativeMethodAccessorImpl.invoke0(Native Method)
at sun.reflect.NativeMethodAccessorImpl.invoke(Unknown Source)
at sun.reflect.DelegatingMethodAccessorImpl.invoke(Unknown Source)
at java.lang.reflect.Method.invoke(Unknown Source)
at org.openqa.selenium.support.pagefactory.internal.LocatingElementHandler.invoke(LocatingElementHandler.java:51)
at com.sun.proxy.$Proxy12.click(Unknown Source)
at com.Tests.TC3o4o14.Step_3(TC3o4o14.java:91)
at sun.reflect.NativeMethodAccessorImpl.invoke0(Native Method)
at sun.reflect.NativeMethodAccessorImpl.invoke(Unknown Source)
at sun.reflect.DelegatingMethodAccessorImpl.invoke(Unknown Source)
at java.lang.reflect.Method.invoke(Unknown Source)
at org.testng.internal.MethodInvocationHelper.invokeMethod(MethodInvocationHelper.java:133)
at org.testng.internal.TestInvoker.invokeMethod(TestInvoker.java:584)
at org.testng.internal.TestInvoker.invokeTestMethod(TestInvoker.java:172)
at org.testng.internal.MethodRunner.runInSequence(MethodRunner.java:46)
at org.testng.internal.TestInvoker$MethodInvocationAgent.invoke(TestInvoker.java:804)
at org.testng.internal.TestInvoker.invokeTestMethods(TestInvoker.java:145)
at org.testng.internal.TestMethodWorker.invokeTestMethods(TestMethodWorker.java:146)
at org.testng.internal.TestMethodWorker.run(TestMethodWorker.java:128)
at java.util.ArrayList.forEach(Unknown Source)
at org.testng.TestRunner.privateRun(TestRunner.java:770)
at org.testng.TestRunner.run(TestRunner.java:591)
at org.testng.SuiteRunner.runTest(SuiteRunner.java:402)
at org.testng.SuiteRunner.runSequentially(SuiteRunner.java:396)
at org.testng.SuiteRunner.privateRun(SuiteRunner.java:355)
at org.testng.SuiteRunner.run(SuiteRunner.java:304)
at org.testng.SuiteRunnerWorker.runSuite(SuiteRunnerWorker.java:53)
at org.testng.SuiteRunnerWorker.run(SuiteRunnerWorker.java:96)
at org.testng.TestNG.runSuitesSequentially(TestNG.java:1180)
at org.testng.TestNG.runSuitesLocally(TestNG.java:1102)
at org.testng.TestNG.runSuites(TestNG.java:1032)
at org.testng.TestNG.run(TestNG.java:1000)
at org.testng.remote.AbstractRemoteTestNG.run(AbstractRemoteTestNG.java:115)
at org.testng.remote.RemoteTestNG.initAndRun(RemoteTestNG.java:251)
at org.testng.remote.RemoteTestNG.main(RemoteTestNG.java:77)
]]>
            </full-stacktrace>
          </exception> <!-- org.openqa.selenium.ElementClickInterceptedException -->
          <reporter-output>
          </reporter-output>
        </test-method> <!-- Step_3 -->
        <test-method status="PASS" signature="getResult(org.testng.ITestResult)[pri:0, instance:com.Tests.TC3o4o14@51e2adc7]" name="getResult" is-config="true" duration-ms="7098" started-at="2020-03-12T07:25:12 GMT" finished-at="2020-03-12T07:25:19 GMT">
          <params>
            <param index="0">
              <value>
                <![CDATA[[TestResult name=Step_3 status=FAILURE method=TC3o4o14.Step_3()[pri:0, instance:com.Tests.TC3o4o14@51e2adc7] output={null}]]]>
              </value>
            </param>
          </params>
          <reporter-output>
          </reporter-output>
        </test-method> <!-- getResult -->
        <test-method status="PASS" signature="afterClass()[pri:0, instance:com.Tests.TC3o4o14@51e2adc7]" name="afterClass" is-config="true" duration-ms="115" started-at="2020-03-12T07:25:19 GMT" finished-at="2020-03-12T07:25:19 GMT">
          <reporter-output>
          </reporter-output>
        </test-method> <!-- afterClass -->
      </class> <!-- com.Tests.TC3o4o14 -->
    </test> <!-- Test -->
  </suite> <!-- Suite -->
</testng-results>
